2026-03-21 15:15:01,228 INFO [test_04_credit_application.py(test_01_credit_application_success:34)] - 额度申请:10,000.00
2026-03-21 15:51:38,716 INFO [test_05_back_login.py(test_01_back_login_success:26)] - 后台登录结果：欢迎光临,
admin
2026-03-21 16:46:19,135 ERROR [base.py(fd_element:30)] - 元素定位超时，定位信息：('css selector', '.ace.ng-pristine.ng-untouched.ng-valid')，错误详情：Message: 

2026-03-21 16:49:17,798 INFO [test_06_credit_review.py(test_01_credit_review_success:34)] - 额度审核结果：通过
2026-03-21 17:03:34,477 INFO [test_01_login.py(test_01_login_success:27)] - 登录结果:13800001001
2026-03-21 17:03:53,276 INFO [test_01_login.py(test_02_login_fail_pwd_error:38)] - 登录结果:密码错误1次,达到3次将锁定账户
2026-03-21 17:04:02,432 INFO [test_01_login_ex.py(test_01_login_success:35)] - 登录结果:13800001001
2026-03-21 17:04:11,629 INFO [test_01_login_ex.py(test_01_login_success:35)] - 登录结果:密码错误1次,达到3次将锁定账户
2026-03-21 17:04:21,311 INFO [test_01_login_ex.py(test_01_login_success:35)] - 登录结果:用户名或密码不能为空
2026-03-21 17:04:31,382 INFO [test_01_login_ex.py(test_01_login_success:35)] - 登录结果:用户不存在
2026-03-21 17:04:52,362 INFO [test_02_register.py(test_01_register_success:25)] - 注册结果:恭喜您，注册成功！
为了保护您的账户和资金安全，投资前请先开通托管账号!
开通资金托管
暂不开通托管账号，随便逛逛
2026-03-21 17:05:05,014 INFO [test_02_register.py(test_02_register_fail_phone_error:33)] - 注册结果:注册抢88现金
2026-03-21 17:05:15,967 INFO [test_03_open_account.py(test_01_open_account_success:34)] - 开户结果：UserRegister OK
2026-03-21 17:05:29,891 INFO [test_04_credit_application.py(test_01_credit_application_success:34)] - 额度申请:10,000.00
2026-03-21 17:05:41,441 INFO [test_05_back_login.py(test_01_back_login_success:26)] - 后台登录结果：欢迎光临,
admin
2026-03-21 17:06:06,929 ERROR [base.py(fd_element:33)] - 元素定位超时，定位信息：('xpath', '//tbody/tr[1]/td[2]')，错误详情：Message: 
Stacktrace:
	chromedriver!GetHandleVerifier [0x7ff7d8fe3045+14585]
	chromedriver!GetHandleVerifier [0x7ff7d8fe30b0+145f0]
	chromedriver!(No symbol) [0x7ff7d8d4db7d]
	chromedriver!(No symbol) [0x7ff7d8da73ae]
	chromedriver!(No symbol) [0x7ff7d8da76bc]
	chromedriver!(No symbol) [0x7ff7d8df7a57]
	chromedriver!(No symbol) [0x7ff7d8df45af]
	chromedriver!(No symbol) [0x7ff7d8d99a18]
	chromedriver!(No symbol) [0x7ff7d8d9a8f3]
	chromedriver!GetHandleVerifier [0x7ff7d92eac5d+31c19d]
	chromedriver!GetHandleVerifier [0x7ff7d92e536d+3168ad]
	chromedriver!GetHandleVerifier [0x7ff7d9307d8a+3392ca]
	chromedriver!GetHandleVerifier [0x7ff7d8fff445+30985]
	chromedriver!GetHandleVerifier [0x7ff7d90084dc+39a1c]
	chromedriver!GetHandleVerifier [0x7ff7d8fec634+1db74]
	chromedriver!GetHandleVerifier [0x7ff7d8fec7e6+1dd26]
	chromedriver!GetHandleVerifier [0x7ff7d8fd1387+28c7]
	KERNEL32!BaseThreadInitThunk [0x7ffdd1b8259d+1d]
	ntdll!RtlUserThreadStart [0x7ffdd390af38+28]

